[debug] ----------------------------------------------------------------------
[debug] Command:      D:\Programs\nodejs\node.exe C:\Users\profe\AppData\Roaming\npm\node_modules\firebase-tools\bin\firebase deploy
[debug] CLI Version:  3.2.0
[debug] Platform:     win32
[debug] Node Version: v6.9.1
[debug] Time:         Fri Dec 02 2016 14:38:30 GMT+0800 (W. Australia Standard Time)
[debug] ----------------------------------------------------------------------
[debug] 
[debug] > command requires scopes: ["email","openid","https://www.googleapis.com/auth/cloudplatformprojects.readonly","https://www.googleapis.com/auth/firebase"]
[debug] > refreshing access token with scopes: ["email","https://www.googleapis.com/auth/cloudplatformprojects.readonly","https://www.googleapis.com/auth/firebase","openid"]
[debug] >>> HTTP REQUEST POST https://www.googleapis.com/oauth2/v3/token
[debug] <<< HTTP RESPONSE 200
[debug] >>> HTTP REQUEST GET https://admin.firebase.com/v1/projects/material-cf06b 
[debug] <<< HTTP RESPONSE 200
[debug] >>> HTTP REQUEST GET https://admin.firebase.com/v1/database/material-cf06b/tokens 
[debug] <<< HTTP RESPONSE 200
[info] 
[info] === Deploying to 'material-cf06b'...
[info] 
[info] i  deploying database, hosting
[info] +  database: rules ready to deploy.
[info] i  hosting: preparing dist directory for upload...
[debug] >>> HTTP REQUEST PUT https://deploy.firebase.com/v1/hosting/material-cf06b/uploads/-KXyFNqEOzSfjefk6sgQ?fileCount=10&message= 
